;  LST file generated by mikroListExporter - v.2.0 
; Date/Time: 14.05.2022 22:48:24
;----------------------------------------------

;Address Opcode 	ASM
0x0000	0x2849      	GOTO       73
_____DoICP:
;__Lib_System.c,6 :: 		
;__Lib_System.c,9 :: 		
0x0003	0x1283      	BCF        STATUS, 5
0x0004	0x1303      	BCF        STATUS, 6
0x0005	0x0829      	MOVF       ___DoICPAddr+1, 0
0x0006	0x008A      	MOVWF      PCLATH
;__Lib_System.c,10 :: 		
0x0007	0x0828      	MOVF       ___DoICPAddr, 0
0x0008	0x0082      	MOVWF      PCL
;__Lib_System.c,12 :: 		
L_end_____DoICP:
0x0009	0x0008      	RETURN
; end of _____DoICP
___CC2DW:
;__Lib_System.c,134 :: 		
;__Lib_System.c,137 :: 		
_CC2D_Loop1:
;__Lib_System.c,139 :: 		
0x000A	0x2003      	CALL       _____DoICP
0x000B	0x118A      	BCF        PCLATH, 3
0x000C	0x120A      	BCF        PCLATH, 4
;__Lib_System.c,141 :: 		
0x000D	0x0080      	MOVWF      INDF
;__Lib_System.c,142 :: 		
0x000E	0x0A84      	INCF       FSR, 1
;__Lib_System.c,143 :: 		
0x000F	0x0AA8      	INCF       ___DoICPAddr, 1
;__Lib_System.c,145 :: 		
0x0010	0x1903      	BTFSC      STATUS, 2
;__Lib_System.c,146 :: 		
0x0011	0x0AA9      	INCF       ___DoICPAddr+1, 1
;__Lib_System.c,147 :: 		
0x0012	0x03F0      	DECF       R0, 1
;__Lib_System.c,149 :: 		
0x0013	0x1D03      	BTFSS      STATUS, 2
;__Lib_System.c,150 :: 		
0x0014	0x280A      	GOTO       _CC2D_Loop1
;__Lib_System.c,152 :: 		
L_end___CC2DW:
0x0015	0x0008      	RETURN
; end of ___CC2DW
_display:
;one_7_SegDecoder.c,40 :: 		void display(int a,int b, int c) {
;one_7_SegDecoder.c,41 :: 		PORTB = c;
0x0016	0x1283      	BCF        STATUS, 5
0x0017	0x1303      	BCF        STATUS, 6
0x0018	0x082E      	MOVF       FARG_display_c, 0
0x0019	0x0086      	MOVWF      PORTB
;one_7_SegDecoder.c,42 :: 		PORTA = 0x03;
0x001A	0x3003      	MOVLW      3
0x001B	0x0085      	MOVWF      PORTA
;one_7_SegDecoder.c,43 :: 		delay_ms(150);
0x001C	0x3002      	MOVLW      2
0x001D	0x00FB      	MOVWF      R11
0x001E	0x3086      	MOVLW      134
0x001F	0x00FC      	MOVWF      R12
0x0020	0x3099      	MOVLW      153
0x0021	0x00FD      	MOVWF      R13
L_display13:
0x0022	0x0BFD      	DECFSZ     R13, 1
0x0023	0x2822      	GOTO       L_display13
0x0024	0x0BFC      	DECFSZ     R12, 1
0x0025	0x2822      	GOTO       L_display13
0x0026	0x0BFB      	DECFSZ     R11, 1
0x0027	0x2822      	GOTO       L_display13
;one_7_SegDecoder.c,44 :: 		PORTB = a;
0x0028	0x082A      	MOVF       FARG_display_a, 0
0x0029	0x0086      	MOVWF      PORTB
;one_7_SegDecoder.c,45 :: 		PORTA = 0x06;
0x002A	0x3006      	MOVLW      6
0x002B	0x0085      	MOVWF      PORTA
;one_7_SegDecoder.c,46 :: 		delay_ms(150);
0x002C	0x3002      	MOVLW      2
0x002D	0x00FB      	MOVWF      R11
0x002E	0x3086      	MOVLW      134
0x002F	0x00FC      	MOVWF      R12
0x0030	0x3099      	MOVLW      153
0x0031	0x00FD      	MOVWF      R13
L_display14:
0x0032	0x0BFD      	DECFSZ     R13, 1
0x0033	0x2832      	GOTO       L_display14
0x0034	0x0BFC      	DECFSZ     R12, 1
0x0035	0x2832      	GOTO       L_display14
0x0036	0x0BFB      	DECFSZ     R11, 1
0x0037	0x2832      	GOTO       L_display14
;one_7_SegDecoder.c,47 :: 		PORTB = b;
0x0038	0x082C      	MOVF       FARG_display_b, 0
0x0039	0x0086      	MOVWF      PORTB
;one_7_SegDecoder.c,48 :: 		PORTA = 0x05;
0x003A	0x3005      	MOVLW      5
0x003B	0x0085      	MOVWF      PORTA
;one_7_SegDecoder.c,49 :: 		delay_ms(150);
0x003C	0x3002      	MOVLW      2
0x003D	0x00FB      	MOVWF      R11
0x003E	0x3086      	MOVLW      134
0x003F	0x00FC      	MOVWF      R12
0x0040	0x3099      	MOVLW      153
0x0041	0x00FD      	MOVWF      R13
L_display15:
0x0042	0x0BFD      	DECFSZ     R13, 1
0x0043	0x2842      	GOTO       L_display15
0x0044	0x0BFC      	DECFSZ     R12, 1
0x0045	0x2842      	GOTO       L_display15
0x0046	0x0BFB      	DECFSZ     R11, 1
0x0047	0x2842      	GOTO       L_display15
;one_7_SegDecoder.c,50 :: 		}
L_end_display:
0x0048	0x0008      	RETURN
; end of _display
_main:
0x0049	0x1283      	BCF        STATUS, 5
0x004A	0x1303      	BCF        STATUS, 6
0x004B	0x01A0      	CLRF       _onesDigit
0x004C	0x01A1      	CLRF       33
0x004D	0x01A2      	CLRF       _tensDigit
0x004E	0x01A3      	CLRF       35
0x004F	0x01A4      	CLRF       _hundredDigit
0x0050	0x01A5      	CLRF       37
0x0051	0x01A6      	CLRF       _state
0x0052	0x01A7      	CLRF       39
;one_7_SegDecoder.c,8 :: 		void main() {
;one_7_SegDecoder.c,9 :: 		PCON.OSCF = 1;
0x0053	0x1683      	BSF        STATUS, 5
0x0054	0x158E      	BSF        PCON, 3
;one_7_SegDecoder.c,10 :: 		TRISB = 0x00;
0x0055	0x0186      	CLRF       TRISB
;one_7_SegDecoder.c,11 :: 		TRISA = 0x60;
0x0056	0x3060      	MOVLW      96
0x0057	0x0085      	MOVWF      TRISA
;one_7_SegDecoder.c,12 :: 		PORTA = 0x00;
0x0058	0x1283      	BCF        STATUS, 5
0x0059	0x0185      	CLRF       PORTA
;one_7_SegDecoder.c,13 :: 		PORTB = 0x00;
0x005A	0x0186      	CLRF       PORTB
;one_7_SegDecoder.c,14 :: 		while(1) {
L_main0:
;one_7_SegDecoder.c,15 :: 		display(onesDigit,tensDigit, hundredDigit);
0x005B	0x0820      	MOVF       _onesDigit, 0
0x005C	0x00AA      	MOVWF      FARG_display_a
0x005D	0x0821      	MOVF       _onesDigit+1, 0
0x005E	0x00AB      	MOVWF      FARG_display_a+1
0x005F	0x0822      	MOVF       _tensDigit, 0
0x0060	0x00AC      	MOVWF      FARG_display_b
0x0061	0x0823      	MOVF       _tensDigit+1, 0
0x0062	0x00AD      	MOVWF      FARG_display_b+1
0x0063	0x0824      	MOVF       _hundredDigit, 0
0x0064	0x00AE      	MOVWF      FARG_display_c
0x0065	0x0825      	MOVF       _hundredDigit+1, 0
0x0066	0x00AF      	MOVWF      FARG_display_c+1
0x0067	0x2016      	CALL       _display
;one_7_SegDecoder.c,16 :: 		if(startStopButton) {
0x0068	0x1E85      	BTFSS      RA5_bit, BitPos(RA5_bit+0)
0x0069	0x287D      	GOTO       L_main2
;one_7_SegDecoder.c,17 :: 		while(startStopButton){}
L_main3:
0x006A	0x1E85      	BTFSS      RA5_bit, BitPos(RA5_bit+0)
0x006B	0x286D      	GOTO       L_main4
0x006C	0x286A      	GOTO       L_main3
L_main4:
;one_7_SegDecoder.c,18 :: 		state = ~state;
0x006D	0x09A6      	COMF       _state, 1
0x006E	0x09A7      	COMF       _state+1, 1
;one_7_SegDecoder.c,19 :: 		delay_ms(500);
0x006F	0x3006      	MOVLW      6
0x0070	0x00FB      	MOVWF      R11
0x0071	0x3013      	MOVLW      19
0x0072	0x00FC      	MOVWF      R12
0x0073	0x30AD      	MOVLW      173
0x0074	0x00FD      	MOVWF      R13
L_main5:
0x0075	0x0BFD      	DECFSZ     R13, 1
0x0076	0x2875      	GOTO       L_main5
0x0077	0x0BFC      	DECFSZ     R12, 1
0x0078	0x2875      	GOTO       L_main5
0x0079	0x0BFB      	DECFSZ     R11, 1
0x007A	0x2875      	GOTO       L_main5
0x007B	0x0000      	NOP
0x007C	0x0000      	NOP
;one_7_SegDecoder.c,20 :: 		}
L_main2:
;one_7_SegDecoder.c,21 :: 		if(state) {
0x007D	0x0826      	MOVF       _state, 0
0x007E	0x0427      	IORWF      _state+1, 0
0x007F	0x1903      	BTFSC      STATUS, 2
0x0080	0x2884      	GOTO       L_main6
;one_7_SegDecoder.c,22 :: 		onesDigit++;
0x0081	0x0AA0      	INCF       _onesDigit, 1
0x0082	0x1903      	BTFSC      STATUS, 2
0x0083	0x0AA1      	INCF       _onesDigit+1, 1
;one_7_SegDecoder.c,23 :: 		}
L_main6:
;one_7_SegDecoder.c,24 :: 		if(onesDigit == 10) {
0x0084	0x3000      	MOVLW      0
0x0085	0x0621      	XORWF      _onesDigit+1, 0
0x0086	0x1D03      	BTFSS      STATUS, 2
0x0087	0x288A      	GOTO       L__main18
0x0088	0x300A      	MOVLW      10
0x0089	0x0620      	XORWF      _onesDigit, 0
L__main18:
0x008A	0x1D03      	BTFSS      STATUS, 2
0x008B	0x2891      	GOTO       L_main7
;one_7_SegDecoder.c,25 :: 		onesDigit = 0;
0x008C	0x01A0      	CLRF       _onesDigit
0x008D	0x01A1      	CLRF       _onesDigit+1
;one_7_SegDecoder.c,26 :: 		tensDigit++;
0x008E	0x0AA2      	INCF       _tensDigit, 1
0x008F	0x1903      	BTFSC      STATUS, 2
0x0090	0x0AA3      	INCF       _tensDigit+1, 1
;one_7_SegDecoder.c,27 :: 		}
L_main7:
;one_7_SegDecoder.c,28 :: 		if(tensDigit == 10) {
0x0091	0x3000      	MOVLW      0
0x0092	0x0623      	XORWF      _tensDigit+1, 0
0x0093	0x1D03      	BTFSS      STATUS, 2
0x0094	0x2897      	GOTO       L__main19
0x0095	0x300A      	MOVLW      10
0x0096	0x0622      	XORWF      _tensDigit, 0
L__main19:
0x0097	0x1D03      	BTFSS      STATUS, 2
0x0098	0x289E      	GOTO       L_main8
;one_7_SegDecoder.c,29 :: 		tensDigit = 0;
0x0099	0x01A2      	CLRF       _tensDigit
0x009A	0x01A3      	CLRF       _tensDigit+1
;one_7_SegDecoder.c,30 :: 		hundredDigit++;
0x009B	0x0AA4      	INCF       _hundredDigit, 1
0x009C	0x1903      	BTFSC      STATUS, 2
0x009D	0x0AA5      	INCF       _hundredDigit+1, 1
;one_7_SegDecoder.c,31 :: 		}
L_main8:
;one_7_SegDecoder.c,32 :: 		if(hundredDigit == 10 || resetButton) {
0x009E	0x3000      	MOVLW      0
0x009F	0x0625      	XORWF      _hundredDigit+1, 0
0x00A0	0x1D03      	BTFSS      STATUS, 2
0x00A1	0x28A4      	GOTO       L__main20
0x00A2	0x300A      	MOVLW      10
0x00A3	0x0624      	XORWF      _hundredDigit, 0
L__main20:
0x00A4	0x1903      	BTFSC      STATUS, 2
0x00A5	0x28A9      	GOTO       L__main16
0x00A6	0x1B05      	BTFSC      RA6_bit, BitPos(RA6_bit+0)
0x00A7	0x28A9      	GOTO       L__main16
0x00A8	0x28AF      	GOTO       L_main11
L__main16:
;one_7_SegDecoder.c,33 :: 		onesDigit = 0;
0x00A9	0x01A0      	CLRF       _onesDigit
0x00AA	0x01A1      	CLRF       _onesDigit+1
;one_7_SegDecoder.c,34 :: 		tensDigit = 0;
0x00AB	0x01A2      	CLRF       _tensDigit
0x00AC	0x01A3      	CLRF       _tensDigit+1
;one_7_SegDecoder.c,35 :: 		hundredDigit = 0;
0x00AD	0x01A4      	CLRF       _hundredDigit
0x00AE	0x01A5      	CLRF       _hundredDigit+1
;one_7_SegDecoder.c,36 :: 		}
L_main11:
;one_7_SegDecoder.c,37 :: 		delay_ms(250);
0x00AF	0x3003      	MOVLW      3
0x00B0	0x00FB      	MOVWF      R11
0x00B1	0x308A      	MOVLW      138
0x00B2	0x00FC      	MOVWF      R12
0x00B3	0x3055      	MOVLW      85
0x00B4	0x00FD      	MOVWF      R13
L_main12:
0x00B5	0x0BFD      	DECFSZ     R13, 1
0x00B6	0x28B5      	GOTO       L_main12
0x00B7	0x0BFC      	DECFSZ     R12, 1
0x00B8	0x28B5      	GOTO       L_main12
0x00B9	0x0BFB      	DECFSZ     R11, 1
0x00BA	0x28B5      	GOTO       L_main12
0x00BB	0x0000      	NOP
0x00BC	0x0000      	NOP
;one_7_SegDecoder.c,38 :: 		}
0x00BD	0x285B      	GOTO       L_main0
;one_7_SegDecoder.c,39 :: 		}
L_end_main:
0x00BE	0x28BE      	GOTO       $+0
; end of _main
Symbol List:
//** Routines locations **
//ADDRESS    SIZE    PROCEDURE
//----------------------------------------------
0x0003       [7]    _____DoICP
0x000A      [12]    ___CC2DW
0x0016      [51]    _display
0x0049     [118]    _main
//** Variables locations ** 
//ADDRESS    SIZE    VARIABLE
//----------------------------------------------
0x0000       [1]    INDF
0x0002       [1]    PCL
0x0003       [1]    STATUS
0x0004       [1]    FSR
0x0005       [1]    PORTA
0x0005       [0]    RA6_bit
0x0005       [0]    RA5_bit
0x0006       [1]    PORTB
0x000A       [1]    PCLATH
0x0020       [2]    _onesDigit
0x0022       [2]    _tensDigit
0x0024       [2]    _hundredDigit
0x0026       [2]    _state
0x0028       [2]    ___DoICPAddr
0x002A       [2]    FARG_display_a
0x002C       [2]    FARG_display_b
0x002E       [2]    FARG_display_c
0x0070       [1]    R0
0x0071       [1]    R1
0x0072       [1]    R2
0x0073       [1]    R3
0x0074       [1]    R4
0x0075       [1]    R5
0x0076       [1]    R6
0x0077       [1]    R7
0x0078       [1]    R8
0x0079       [1]    R9
0x007A       [1]    R10
0x007B       [1]    R11
0x007C       [1]    R12
0x007D       [1]    R13
0x007E       [1]    R14
0x007F       [1]    R15
0x0085       [1]    TRISA
0x0086       [1]    TRISB
0x008E       [1]    PCON
//** Label List: ** 
//----------------------------------------------
  L_main0
  L_main1
  L_main2
  L_main3
  L_main4
  L_main5
  L_main6
  L_main7
  L_main8
  L_main9
  L_main10
  L_main11
  L_main12
  L_display13
  L_display14
  L_display15
  L__main16
  L_end_main
  _main
  L__main18
  L__main19
  L__main20
  L_end_display
  _display
  L_loopCA2AWs
  L_CA2AWend
  _CCA2AW_Loop1
  L_loopCS2Ss
  L_CS2Send
  _CCS2S_Loop1
  L_CCS2Send
  L_loopFZinSWs
  L_FZinSend
  _CC2D_Loop1
  L_end_____DoICP
  _____DoICP
  L_end_____DoIFC
  _____DoIFC
  L_end___CA2AW
  ___CA2AW
  L_end___CCA2AW
  ___CCA2AW
  L_end___CS2S
  ___CS2S
  L_end___CCS2S
  ___CCS2S
  L_end___FZinS
  ___FZinS
  L_end___CC2DW
  ___CC2DW
  L_end_Swap
  _Swap
