0	1	mikroCPIC1618.exe -MSF -DBG -pP16F628A -DL -O11111114 -fo8 -N"C:\Users\ASUS\Documents\Electrical & Electronic Engineering\EE 321\Lab\Lab 1\led_switch.mcppi" -SP"C:\Program Files\mikroC PRO for PIC\defs\" -SP"C:\Program Files\mikroC PRO for PIC\Uses\P16\" -SP"C:\Users\ASUS\Documents\Electrical & Electronic Engineering\EE 321\Lab\Lab 1\" "led_switch.c" "__Lib_Math.mcl" "__Lib_MathDouble.mcl" "__Lib_System.mcl" "__Lib_Delays.mcl" "__Lib_CType.mcl" "__Lib_CString.mcl" "__Lib_CStdlib.mcl" "__Lib_CMath.mcl" "__Lib_MemManager.mcl" "__Lib_Conversions.mcl" "__Lib_Sprinti.mcl" "__Lib_Sprintl.mcl" "__Lib_Time.mcl" "__Lib_Trigonometry.mcl" "__Lib_Button.mcl" "__Lib_Keypad4x4.mcl" "__Lib_Manchester.mcl" "__Lib_OneWire.mcl" "__Lib_PS2.mcl" "__Lib_Sound.mcl" "__Lib_SoftI2C.mcl" "__Lib_SoftSPI.mcl" "__Lib_SoftUART.mcl" "__Lib_EEPROM.mcl" "__Lib_PWM_b3.mcl" "__Lib_UART_b21.mcl" "__Lib_CF.mcl" "__Lib_GlcdFonts.mcl" "__Lib_Glcd.mcl" "__Lib_LcdConsts.mcl" "__Lib_Lcd.mcl" "__Lib_RS485.mcl" "__Lib_S1D13700.mcl" "__Lib_T6963C.mcl"	 
hint: 0	1139	Available RAM: 208 [bytes], Available ROM: 2048 [bytes]	 
diagnostics: 0	122	Compilation Started	P16F628A.c
diagnostics: 373	123	Compiled Successfully	P16F628A.c
diagnostics: 0	122	Compilation Started	__Lib_Delays.c
diagnostics: 123	123	Compiled Successfully	__Lib_Delays.c
diagnostics: 0	122	Compilation Started	__Lib_MemManager.c
warning: 34	1508	Implicit conversion of int to ptr	__Lib_MemManager.c
diagnostics: 231	123	Compiled Successfully	__Lib_MemManager.c
diagnostics: 0	122	Compilation Started	__Lib_GlcdFonts.c
diagnostics: 1207	123	Compiled Successfully	__Lib_GlcdFonts.c
diagnostics: 0	122	Compilation Started	led_switch.c
diagnostics: 24	123	Compiled Successfully	led_switch.c
diagnostics: 0	127	All files Compiled in 282 ms	 
hint: 0	1144	Used RAM (bytes): 2 (1%)  Free RAM (bytes): 206 (99%)	Used RAM (bytes): 2 (1%)  Free RAM (bytes): 206 (99%)
hint: 0	1144	Used ROM (program words): 68 (3%)  Free ROM (program words): 1980 (97%)	Used ROM (program words): 68 (3%)  Free ROM (program words): 1980 (97%)
diagnostics: 0	125	Project Linked Successfully	led_switch.mcppi
diagnostics: 0	128	Linked in 171 ms	 
diagnostics: 0	129	Project 'led_switch.mcppi' completed: 1359 ms	 
diagnostics: 0	103	Finished successfully: 21 Mar 2022, 11:56:42	led_switch.mcppi
